<?xml version="1.0" encoding="UTF-8"?>
<!-- Generated by org.testng.reporters.JUnitReportReporter -->
<testsuite skipped="0" hostname="Roshan" name="com.test.testcases.GetAirlinesTest" tests="2" failures="0" timestamp="29 Dec 2022 13:37:12 GMT" time="10.770" errors="0">
  <testcase name="validateStatusCode" time="6.623" classname="com.test.testcases.GetAirlinesTest"/>
  <testcase name="validateName" time="4.147" classname="com.test.testcases.GetAirlinesTest"/>
</testsuite> <!-- com.test.testcases.GetAirlinesTest -->
