<?xml version="1.0" encoding="UTF-8"?>
<!-- Generated by org.testng.reporters.JUnitReportReporter -->
<testsuite skipped="0" hostname="Roshan" name="com.test.testcases.GetAirlinesTest" tests="2" failures="0" timestamp="28 Dec 2022 11:34:15 GMT" time="13.496" errors="0">
  <testcase name="validateStatusCode" time="9.225" classname="com.test.testcases.GetAirlinesTest"/>
  <testcase name="validateName" time="4.271" classname="com.test.testcases.GetAirlinesTest"/>
</testsuite> <!-- com.test.testcases.GetAirlinesTest -->
