<?xml version="1.0" encoding="UTF-8"?>
<!-- Generated by org.testng.reporters.JUnitReportReporter -->
<testsuite skipped="0" hostname="Roshan" name="com.test.testcases.GetAirlinesTest" tests="2" failures="0" timestamp="29 Dec 2022 13:40:39 GMT" time="3.079" errors="0">
  <testcase name="validateStatusCode" time="0.248" classname="com.test.testcases.GetAirlinesTest"/>
  <testcase name="validateName" time="2.831" classname="com.test.testcases.GetAirlinesTest"/>
</testsuite> <!-- com.test.testcases.GetAirlinesTest -->
